<?xml version="1.0" encoding="UTF-8"?>
<testsuite name="&#x1f4d6; Tests de getAllLibros paginado" tests="4" skipped="0" failures="0" errors="0" timestamp="2026-08-31T22:42:05.090Z" hostname="avilespro" time="0.018">
  <properties/>
  <testcase name="Debería manejar segunda página correctamente" classname="com.aviles.api.libros.libros.application.service.LibrosServiceTest$GetAllLibrosTests" time="0.006"/>
  <testcase name="Debería retornar página vacía cuando no hay libros" classname="com.aviles.api.libros.libros.application.service.LibrosServiceTest$GetAllLibrosTests" time="0.003"/>
  <testcase name="Debería retornar la primera página de libros" classname="com.aviles.api.libros.libros.application.service.LibrosServiceTest$GetAllLibrosTests" time="0.003"/>
  <testcase name="Debería manejar tamaño de página personalizado" classname="com.aviles.api.libros.libros.application.service.LibrosServiceTest$GetAllLibrosTests" time="0.002"/>
  <system-out><![CDATA[]]></system-out>
  <system-err><![CDATA[]]></system-err>
</testsuite>
