<?xml version="1.0" encoding="UTF-8"?>
<testsuite name="&#x1f4c9; Tests de restarLibro atómico" tests="5" skipped="0" failures="0" errors="0" timestamp="2026-08-31T22:42:04.226Z" hostname="avilespro" time="0.848">
  <properties/>
  <testcase name="Debería restar 1 libro exitosamente" classname="com.aviles.api.libros.libros.application.service.LibrosServiceTest$RestarLibroTests" time="0.817"/>
  <testcase name="Debería propagar error cuando el repositorio falla en restarLibro" classname="com.aviles.api.libros.libros.application.service.LibrosServiceTest$RestarLibroTests" time="0.006"/>
  <testcase name="Debería funcionar con múltiples restas consecutivas" classname="com.aviles.api.libros.libros.application.service.LibrosServiceTest$RestarLibroTests" time="0.004"/>
  <testcase name="Debería retornar false cuando no hay stock" classname="com.aviles.api.libros.libros.application.service.LibrosServiceTest$RestarLibroTests" time="0.003"/>
  <testcase name="Debería retornar false cuando el libro no existe" classname="com.aviles.api.libros.libros.application.service.LibrosServiceTest$RestarLibroTests" time="0.003"/>
  <system-out><![CDATA[]]></system-out>
  <system-err><![CDATA[Mockito is currently self-attaching to enable the inline-mock-maker. This will no longer work in future releases of the JDK. Please add Mockito as an agent to your build as described in Mockito's documentation: https://javadoc.io/doc/org.mockito/mockito-core/latest/org.mockito/org/mockito/Mockito.html#0.3
WARNING: A Java agent has been loaded dynamically (/home/alex/.gradle/caches/modules-2/files-2.1/net.bytebuddy/byte-buddy-agent/1.18.11/82212e5b3633e7a65fca8bec525762cfb6c9bae4/byte-buddy-agent-1.18.11.jar)
WARNING: If a serviceability tool is in use, please run with -XX:+EnableDynamicAgentLoading to hide this warning
WARNING: If a serviceability tool is not in use, please run with -Djdk.instrument.traceUsage for more information
WARNING: Dynamic loading of agents will be disallowed by default in a future release
]]></system-err>
</testsuite>
